TN:
SF:src/app.controller.ts
FN:8,(anonymous_2)
FN:11,(anonymous_3)
FNF:2
FNH:2
FNDA:1,(anonymous_2)
FNDA:1,(anonymous_3)
DA:1,1
DA:2,1
DA:3,1
DA:7,1
DA:8,1
DA:9,1
DA:12,1
LF:7
LH:7
BRF:0
BRH:0
end_of_record
TN:
SF:src/app.module.ts
FNF:0
FNH:0
DA:1,0
DA:2,0
DA:3,0
DA:4,0
DA:5,0
DA:6,0
DA:7,0
DA:8,0
DA:9,0
DA:25,0
LF:10
LH:0
BRF:0
BRH:0
end_of_record
TN:
SF:src/app.service.ts
FN:5,(anonymous_1)
FNF:1
FNH:1
FNDA:1,(anonymous_1)
DA:1,1
DA:4,1
DA:6,1
DA:7,1
LF:4
LH:4
BRF:0
BRH:0
end_of_record
TN:
SF:src/http-exception.filter.ts
FN:6,(anonymous_1)
FNF:1
FNH:0
FNDA:0,(anonymous_1)
DA:1,1
DA:5,1
DA:7,0
DA:8,0
DA:9,0
DA:10,0
DA:12,0
LF:7
LH:2
BRF:0
BRH:0
end_of_record
TN:
SF:src/main.ts
FN:9,bootstrap
FNF:1
FNH:0
FNDA:0,bootstrap
DA:1,0
DA:2,0
DA:3,0
DA:4,0
DA:6,0
DA:7,0
DA:8,0
DA:10,0
DA:11,0
DA:12,0
DA:13,0
DA:28,0
DA:37,0
DA:40,0
DA:42,0
LF:15
LH:0
BRF:0
BRH:0
end_of_record
TN:
SF:src/configuration/configuration-auth.ts
FN:3,(anonymous_0)
FNF:1
FNH:0
FNDA:0,(anonymous_0)
DA:1,0
DA:3,0
LF:2
LH:0
BRF:0
BRH:0
end_of_record
TN:
SF:src/modules/auth/auth.controller.ts
FN:18,(anonymous_4)
FN:43,(anonymous_5)
FNF:2
FNH:0
FNDA:0,(anonymous_4)
FNDA:0,(anonymous_5)
DA:1,1
DA:2,1
DA:3,1
DA:8,1
DA:17,1
DA:18,0
DA:19,1
DA:44,0
LF:8
LH:6
BRF:0
BRH:0
end_of_record
TN:
SF:src/modules/auth/auth.middleware.ts
FN:10,(anonymous_1)
FN:11,(anonymous_2)
FNF:2
FNH:0
FNDA:0,(anonymous_1)
FNDA:0,(anonymous_2)
DA:1,0
DA:6,0
DA:9,0
DA:11,0
DA:12,0
DA:13,0
DA:15,0
LF:7
LH:0
BRDA:12,0,0,0
BRDA:12,0,1,0
BRF:2
BRH:0
end_of_record
TN:
SF:src/modules/auth/auth.module.ts
FN:37,(anonymous_1)
FN:23,(anonymous_2)
FNF:2
FNH:0
FNDA:0,(anonymous_1)
FNDA:0,(anonymous_2)
DA:1,0
DA:7,0
DA:8,0
DA:9,0
DA:10,0
DA:11,0
DA:12,0
DA:13,0
DA:14,0
DA:15,0
DA:24,0
DA:36,0
DA:39,0
LF:13
LH:0
BRF:0
BRH:0
end_of_record
TN:
SF:src/modules/auth/auth.service.ts
FN:13,(anonymous_2)
FN:20,(anonymous_3)
FN:28,(anonymous_4)
FN:40,(anonymous_5)
FNF:4
FNH:0
FNDA:0,(anonymous_2)
FNDA:0,(anonymous_3)
FNDA:0,(anonymous_4)
FNDA:0,(anonymous_5)
DA:1,3
DA:2,3
DA:4,3
DA:5,3
DA:8,3
DA:10,3
DA:14,0
DA:15,0
DA:16,0
DA:18,0
DA:21,0
DA:29,0
DA:30,0
DA:31,0
DA:33,0
DA:41,0
DA:42,0
DA:43,0
DA:45,0
DA:48,0
LF:20
LH:6
BRDA:30,0,0,0
BRDA:42,1,0,0
BRF:2
BRH:0
end_of_record
TN:
SF:src/modules/auth/dto/auth-credentials-dto.ts
FNF:0
FNH:0
DA:1,1
DA:2,1
DA:4,1
DA:5,1
LF:4
LH:4
BRF:0
BRH:0
end_of_record
TN:
SF:src/modules/auth/dto/jwt-payload.ts
FNF:0
FNH:0
DA:1,0
LF:1
LH:0
BRF:0
BRH:0
end_of_record
TN:
SF:src/modules/auth/strategy/apikey/apikey.service.ts
FN:8,(anonymous_2)
FN:9,(anonymous_3)
FNF:2
FNH:0
FNDA:0,(anonymous_2)
FNDA:0,(anonymous_3)
DA:1,1
DA:2,1
DA:3,1
DA:4,1
DA:7,1
DA:8,0
DA:9,0
DA:10,0
DA:12,0
DA:13,0
DA:15,0
LF:11
LH:5
BRDA:12,0,0,0
BRF:1
BRH:0
end_of_record
TN:
SF:src/modules/auth/strategy/jwt/jwt.service.ts
FN:10,(anonymous_2)
FN:25,(anonymous_3)
FNF:2
FNH:0
FNDA:0,(anonymous_2)
FNDA:0,(anonymous_3)
DA:1,1
DA:2,1
DA:3,1
DA:4,1
DA:5,1
DA:9,1
DA:11,0
DA:12,0
DA:14,0
DA:26,0
DA:27,0
DA:28,0
DA:30,0
LF:13
LH:6
BRDA:27,0,0,0
BRF:1
BRH:0
end_of_record
TN:
SF:src/modules/devops/devops.controller.ts
FN:22,(anonymous_4)
FN:43,(anonymous_5)
FNF:2
FNH:0
FNDA:0,(anonymous_4)
FNDA:0,(anonymous_5)
DA:1,1
DA:8,1
DA:10,1
DA:15,1
DA:16,1
DA:21,1
DA:22,0
DA:23,1
DA:48,0
LF:9
LH:7
BRF:0
BRH:0
end_of_record
TN:
SF:src/modules/devops/devops.module.ts
FNF:0
FNH:0
DA:1,0
DA:2,0
DA:3,0
DA:4,0
DA:11,0
LF:5
LH:0
BRF:0
BRH:0
end_of_record
TN:
SF:src/modules/devops/devops.service.ts
FN:6,(anonymous_2)
FN:9,(anonymous_3)
FNF:2
FNH:1
FNDA:1,(anonymous_2)
FNDA:0,(anonymous_3)
DA:1,2
DA:4,2
DA:7,1
DA:15,0
DA:21,0
DA:22,0
DA:23,0
DA:29,0
LF:8
LH:3
BRF:0
BRH:0
end_of_record
TN:
SF:src/modules/users/users.controller.ts
FN:17,(anonymous_4)
FN:35,(anonymous_5)
FNF:2
FNH:0
FNDA:0,(anonymous_4)
FNDA:0,(anonymous_5)
DA:1,1
DA:6,1
DA:12,1
DA:13,1
DA:16,1
DA:17,0
DA:19,1
DA:36,0
LF:8
LH:6
BRF:0
BRH:0
end_of_record
TN:
SF:src/modules/users/users.module.ts
FNF:0
FNH:0
DA:1,0
DA:2,0
DA:3,0
DA:10,0
LF:4
LH:0
BRF:0
BRH:0
end_of_record
TN:
SF:src/modules/users/users.service.ts
FN:7,(anonymous_2)
FN:14,(anonymous_3)
FN:15,(anonymous_4)
FN:28,(anonymous_5)
FN:29,(anonymous_6)
FNF:5
FNH:1
FNDA:1,(anonymous_2)
FNDA:0,(anonymous_3)
FNDA:0,(anonymous_4)
FNDA:0,(anonymous_5)
FNDA:0,(anonymous_6)
DA:1,6
DA:5,6
DA:9,1
DA:15,0
DA:16,0
DA:17,0
DA:18,0
DA:20,0
DA:29,0
LF:9
LH:3
BRDA:16,0,0,0
BRDA:16,0,1,0
BRF:2
BRH:0
end_of_record
TN:
SF:src/modules/users/dto/users-dto.ts
FNF:0
FNH:0
DA:1,2
DA:3,2
DA:11,2
DA:12,2
LF:4
LH:4
BRF:0
BRH:0
end_of_record
